<?xml version='1.0' encoding='UTF-8'?>
<testsuite hostname="Derrick-14in-MBP.local" name="com.massivedatascience.clusterer.MultiKMeansClustererSuite" tests="1" errors="0" failures="0" skipped="0" time="0.015" timestamp="2024-01-15T03:02:56">
          <properties>
[...]
</properties>
          <testcase classname="com.massivedatascience.clusterer.MultiKMeansClustererSuite" name="apply method" time="0.015">
                      
                    </testcase>
          <system-out><![CDATA[]]></system-out>
          <system-err><![CDATA[]]></system-err>
        </testsuite>