[0m[[0m[0mdebug[0m] [0m[0m> Exec(early(addDefaultCommands), None, None)[0m
[0m[[0m[0mdebug[0m] [0m[0m> Exec(addDefaultCommands, None, None)[0m
[0m[[0m[0mdebug[0m] [0m[0m> Exec(early(initialize), None, None)[0m
[0m[[0m[0mdebug[0m] [0m[0m> Exec(initialize, None, None)[0m
[0m[[0m[0mdebug[0m] [0m[0m> Exec(boot, None, None)[0m
[0m[[0m[0mdebug[0m] [0m[0m> Exec(writeSbtVersion, None, None)[0m
[0m[[0m[0mdebug[0m] [0m[0m> Exec(reload, None, None)[0m
[0m[[0m[0mdebug[0m] [0m[0m> Exec(sbtStashOnFailure, None, None)[0m
[0m[[0m[0mdebug[0m] [0m[0m> Exec(onFailure loadFailed, None, None)[0m
[0m[[0m[0mdebug[0m] [0m[0m> Exec(loadp, None, None)[0m
[0m[[0m[0minfo[0m] [0m[0mwelcome to sbt 1.9.8 (Eclipse Adoptium Java 21.0.1)[0m
[0m[[0m[0mdebug[0m] [0m[0mLoad.defaultLoad until apply took 34.897917ms[0m
[0m[[0m[0mdebug[0m] [0m[0m          Load.loadUnit: plugins took 22.599833ms[0m
[0m[[0m[0mdebug[0m] [0m[0m          Load.loadUnit: defsScala took 0.079833ms[0m
[0m[[0m[0mdebug[0m] [0m[0m[Loading] Scanning directory /Users/derrickburns/Documents/GitHub/generalized-kmeans-clustering/project[0m
[0m[[0m[0mdebug[0m] [0m[0m            Load.loadUnit: mkEval took 2.230875ms[0m
[0m[[0m[0mdebug[0m] [0m[0m[Loading] Found non-root projects [0m
[0m[[0m[0mdebug[0m] [0m[0m[Loading] Done in /Users/derrickburns/Documents/GitHub/generalized-kmeans-clustering/project, returning: ()[0m
[0m[[0m[0mdebug[0m] [0m[0mdeducing auto plugins based on known facts Set(Atom(sbt.plugins.CorePlugin)) and clauses Clauses(Clause(Atom(sbt.plugins.JvmPlugin),Set(Atom(sbt.plugins.IvyPlugin)))[0m
[0m[[0m[0mdebug[0m] [0m[0mClause(Atom(sbt.ScriptedPlugin),Set(Atom(sbt.plugins.JvmPlugin)))[0m
[0m[[0m[0mdebug[0m] [0m[0mClause(Atom(sbt.plugins.SbtPlugin),Set(Atom(sbt.ScriptedPlugin)))[0m
[0m[[0m[0mdebug[0m] [0m[0mClause(Atom(sbt.plugins.SemanticdbPlugin),Set(Atom(sbt.plugins.JvmPlugin)))[0m
[0m[[0m[0mdebug[0m] [0m[0mClause(Atom(sbt.plugins.JUnitXmlReportPlugin),Set(Atom(sbt.plugins.JvmPlugin)))[0m
[0m[[0m[0mdebug[0m] [0m[0mClause(Atom(sbt.plugins.MiniDependencyTreePlugin),Set(Atom(sbt.plugins.JvmPlugin)))[0m
[0m[[0m[0mdebug[0m] [0m[0mClause(Atom(sbt.plugins.CorePlugin),Set(Atom(sbt.plugins.IvyPlugin)))[0m
[0m[[0m[0mdebug[0m] [0m[0mClause(Atom(sbt.plugins.IvyPlugin),Set(Atom(sbt.plugins.JvmPlugin)))[0m
[0m[[0m[0mdebug[0m] [0m[0mClause(Atom(sbt.plugins.JvmPlugin),Set(Atom(sbt.plugins.SemanticdbPlugin)))[0m
[0m[[0m[0mdebug[0m] [0m[0mClause(Atom(sbt.plugins.JvmPlugin),Set(Atom(sbt.plugins.JUnitXmlReportPlugin)))[0m
[0m[[0m[0mdebug[0m] [0m[0mClause(Atom(sbt.plugins.CorePlugin),Set(Atom(sbt.plugins.Giter8TemplatePlugin)))[0m
[0m[[0m[0mdebug[0m] [0m[0mClause(Atom(sbt.plugins.JvmPlugin),Set(Atom(sbt.plugins.MiniDependencyTreePlugin))))[0m
[0m[[0m[0mdebug[0m] [0m[0m  :: deduced result: Matched(sbt.plugins.CorePlugin,sbt.plugins.Giter8TemplatePlugin,sbt.plugins.IvyPlugin,sbt.plugins.JvmPlugin,sbt.plugins.MiniDependencyTreePlugin,sbt.plugins.JUnitXmlReportPlugin,sbt.plugins.SemanticdbPlugin)[0m
[0m[[0m[0mdebug[0m] [0m[0mPlugins.deducer#function took 4.5275 ms[0m
[0m[[0m[0minfo[0m] [0m[0mloading settings for project generalized-kmeans-clustering-build from plugins.sbt ...[0m
[0m[[0m[0mdebug[0m] [0m[0m              Load.resolveProject(generalized-kmeans-clustering-build) took 15.571709ms[0m
[0m[[0m[0mdebug[0m] [0m[0m            Load.loadTransitive: finalizeProject(Project(id generalized-kmeans-clustering-build, base: /Users/derrickburns/Documents/GitHub/generalized-kmeans-clustering/project, plugins: List(<none>))) took 22.432292ms[0m
[0m[[0m[0mdebug[0m] [0m[0m[Loading] Done in /Users/derrickburns/Documents/GitHub/generalized-kmeans-clustering/project, returning: (generalized-kmeans-clustering-build)[0m
[0m[[0m[0mdebug[0m] [0m[0m          Load.loadUnit: loadedProjectsRaw took 820.934791ms[0m
[0m[[0m[0mdebug[0m] [0m[0m          Load.loadUnit: cleanEvalClasses took 3.161041ms[0m
[0m[[0m[0mdebug[0m] [0m[0m        Load.loadUnit(file:/Users/derrickburns/Documents/GitHub/generalized-kmeans-clustering/project/, ...) took 848.4355ms[0m
[0m[[0m[0mdebug[0m] [0m[0m      Load.apply: load took 951.155125ms[0m
[0m[[0m[0mdebug[0m] [0m[0m      Load.apply: resolveProjects took 1.396833ms[0m
[0m[[0m[0mdebug[0m] [0m[0m      Load.apply: finalTransforms took 19.214958ms[0m
[0m[[0m[0mdebug[0m] [0m[0m      Load.apply: config.delegates took 1.83525ms[0m
[0m[[0m[0mdebug[0m] [0m[0m      Load.apply: Def.make(settings)... took 112.632167ms[0m
[0m[[0m[0mdebug[0m] [0m[0m      Load.apply: structureIndex took 30.066959ms[0m
[0m[[0m[0mdebug[0m] [0m[0m      Load.apply: mkStreams took 0.581792ms[0m
[0m[[0m[0minfo[0m] [0m[0mloading project definition from /Users/derrickburns/Documents/GitHub/generalized-kmeans-clustering/project[0m
[0m[[0m[0mdebug[0m] [0m[0mRunning task... Cancel: Signal, check cycles: false, forcegc: true[0m
[0m[[0m[0minfo[0m] [0m[0mUpdating [0m
[0m[[0m[0minfo[0m] [0m[0mResolved  dependencies[0m
[0m[[0m[33mwarn[0m] [0m[0m[0m
[0m[[0m[33mwarn[0m] [0m[0m	Note: Some unresolved dependencies have extra attributes.  Check that these dependencies exist with the requested attributes.[0m
[0m[[0m[33mwarn[0m] [0m[0m		org.scoverage:sbt-coveralls:1.0.0.BETA1 (sbtVersion=1.0, scalaVersion=2.12)[0m
[0m[[0m[33mwarn[0m] [0m[0m		com.typesafe.sbt:sbt-scalariform:1.2.0 (sbtVersion=1.0, scalaVersion=2.12)[0m
[0m[[0m[33mwarn[0m] [0m[0m		org.spark-packages:sbt-spark-package:0.1 (sbtVersion=1.0, scalaVersion=2.12)[0m
[0m[[0m[33mwarn[0m] [0m[0m		com.typesafe.sbt:sbt-osgi:0.7.0 (sbtVersion=1.0, scalaVersion=2.12)[0m
[0m[[0m[33mwarn[0m] [0m[0m		com.github.mwz:sbt-dependency-updates:0.5.5 (sbtVersion=1.0, scalaVersion=2.12)[0m
[0m[[0m[33mwarn[0m] [0m[0m		org.brianmckenna:sbt-wartremover:0.11 (sbtVersion=1.0, scalaVersion=2.12)[0m
[0m[[0m[33mwarn[0m] [0m[0m		com.github.gseitz:sbt-release:0.8.5 (sbtVersion=1.0, scalaVersion=2.12)[0m
[0m[[0m[33mwarn[0m] [0m[0m		org.scoverage:sbt-scoverage:1.0.4 (sbtVersion=1.0, scalaVersion=2.12)[0m
[0m[[0m[33mwarn[0m] [0m[0m		org.scalastyle:scalastyle-sbt-plugin:0.6.0 (sbtVersion=1.0, scalaVersion=2.12)[0m
[0m[[0m[33mwarn[0m] [0m[0m		me.lessis:bintray-sbt:0.2.0 (sbtVersion=1.0, scalaVersion=2.12)[0m
[0m[[0m[33mwarn[0m] [0m[0m		com.typesafe.sbt:sbt-site:0.8.1 (sbtVersion=1.0, scalaVersion=2.12)[0m
[0m[[0m[33mwarn[0m] [0m[0m		com.typesafe.sbt:sbt-ghpages:0.5.3 (sbtVersion=1.0, scalaVersion=2.12)[0m
[0m[[0m[33mwarn[0m] [0m[0m		com.typesafe.sbt:sbt-pgp:0.8.3 (sbtVersion=1.0, scalaVersion=2.12)[0m
[0m[[0m[33mwarn[0m] [0m[0m[0m
[0m[[0m[33mwarn[0m] [0m[0m	Note: Unresolved dependencies path:[0m
[0m[[0m[31merror[0m] [0m[0msbt.librarymanagement.ResolveException: Error downloading org.scoverage:sbt-coveralls;sbtVersion=1.0;scalaVersion=2.12:1.0.0.BETA1[0m
[0m[[0m[31merror[0m] [0m[0m  Not found[0m
[0m[[0m[31merror[0m] [0m[0m  Not found[0m
[0m[[0m[31merror[0m] [0m[0m  not found: https://repo1.maven.org/maven2/org/scoverage/sbt-coveralls_2.12_1.0/1.0.0.BETA1/sbt-coveralls-1.0.0.BETA1.pom[0m
[0m[[0m[31merror[0m] [0m[0m  not found: /Users/derrickburns/.ivy2/localorg.scoverage/sbt-coveralls/scala_2.12/sbt_1.0/1.0.0.BETA1/ivys/ivy.xml[0m
[0m[[0m[31merror[0m] [0m[0m  not found: https://dl.bintray.com/spark-packages/maven/org/scoverage/sbt-coveralls_2.12_1.0/1.0.0.BETA1/sbt-coveralls-1.0.0.BETA1.pom[0m
[0m[[0m[31merror[0m] [0m[0m  not found: https://repo.scala-sbt.org/scalasbt/sbt-plugin-releases/org.scoverage/sbt-coveralls/scala_2.12/sbt_1.0/1.0.0.BETA1/ivys/ivy.xml[0m
[0m[[0m[31merror[0m] [0m[0m  not found: https://repo.typesafe.com/typesafe/ivy-releases/org.scoverage/sbt-coveralls/scala_2.12/sbt_1.0/1.0.0.BETA1/ivys/ivy.xml[0m
[0m[[0m[31merror[0m] [0m[0mError downloading com.typesafe.sbt:sbt-scalariform;sbtVersion=1.0;scalaVersion=2.12:1.2.0[0m
[0m[[0m[31merror[0m] [0m[0m  Not found[0m
[0m[[0m[31merror[0m] [0m[0m  Not found[0m
[0m[[0m[31merror[0m] [0m[0m  not found: https://repo1.maven.org/maven2/com/typesafe/sbt/sbt-scalariform_2.12_1.0/1.2.0/sbt-scalariform-1.2.0.pom[0m
[0m[[0m[31merror[0m] [0m[0m  not found: /Users/derrickburns/.ivy2/localcom.typesafe.sbt/sbt-scalariform/scala_2.12/sbt_1.0/1.2.0/ivys/ivy.xml[0m
[0m[[0m[31merror[0m] [0m[0m  not found: https://dl.bintray.com/spark-packages/maven/com/typesafe/sbt/sbt-scalariform_2.12_1.0/1.2.0/sbt-scalariform-1.2.0.pom[0m
[0m[[0m[31merror[0m] [0m[0m  not found: https://repo.scala-sbt.org/scalasbt/sbt-plugin-releases/com.typesafe.sbt/sbt-scalariform/scala_2.12/sbt_1.0/1.2.0/ivys/ivy.xml[0m
[0m[[0m[31merror[0m] [0m[0m  not found: https://repo.typesafe.com/typesafe/ivy-releases/com.typesafe.sbt/sbt-scalariform/scala_2.12/sbt_1.0/1.2.0/ivys/ivy.xml[0m
[0m[[0m[31merror[0m] [0m[0mError downloading org.spark-packages:sbt-spark-package;sbtVersion=1.0;scalaVersion=2.12:0.1[0m
[0m[[0m[31merror[0m] [0m[0m  Not found[0m
[0m[[0m[31merror[0m] [0m[0m  Not found[0m
[0m[[0m[31merror[0m] [0m[0m  not found: https://repo1.maven.org/maven2/org/spark-packages/sbt-spark-package_2.12_1.0/0.1/sbt-spark-package-0.1.pom[0m
[0m[[0m[31merror[0m] [0m[0m  not found: /Users/derrickburns/.ivy2/localorg.spark-packages/sbt-spark-package/scala_2.12/sbt_1.0/0.1/ivys/ivy.xml[0m
[0m[[0m[31merror[0m] [0m[0m  not found: https://dl.bintray.com/spark-packages/maven/org/spark-packages/sbt-spark-package_2.12_1.0/0.1/sbt-spark-package-0.1.pom[0m
[0m[[0m[31merror[0m] [0m[0m  not found: https://repo.scala-sbt.org/scalasbt/sbt-plugin-releases/org.spark-packages/sbt-spark-package/scala_2.12/sbt_1.0/0.1/ivys/ivy.xml[0m
[0m[[0m[31merror[0m] [0m[0m  not found: https://repo.typesafe.com/typesafe/ivy-releases/org.spark-packages/sbt-spark-package/scala_2.12/sbt_1.0/0.1/ivys/ivy.xml[0m
[0m[[0m[31merror[0m] [0m[0mError downloading com.typesafe.sbt:sbt-osgi;sbtVersion=1.0;scalaVersion=2.12:0.7.0[0m
[0m[[0m[31merror[0m] [0m[0m  Not found[0m
[0m[[0m[31merror[0m] [0m[0m  Not found[0m
[0m[[0m[31merror[0m] [0m[0m  not found: https://repo1.maven.org/maven2/com/typesafe/sbt/sbt-osgi_2.12_1.0/0.7.0/sbt-osgi-0.7.0.pom[0m
[0m[[0m[31merror[0m] [0m[0m  not found: /Users/derrickburns/.ivy2/localcom.typesafe.sbt/sbt-osgi/scala_2.12/sbt_1.0/0.7.0/ivys/ivy.xml[0m
[0m[[0m[31merror[0m] [0m[0m  not found: https://dl.bintray.com/spark-packages/maven/com/typesafe/sbt/sbt-osgi_2.12_1.0/0.7.0/sbt-osgi-0.7.0.pom[0m
[0m[[0m[31merror[0m] [0m[0m  not found: https://repo.scala-sbt.org/scalasbt/sbt-plugin-releases/com.typesafe.sbt/sbt-osgi/scala_2.12/sbt_1.0/0.7.0/ivys/ivy.xml[0m
[0m[[0m[31merror[0m] [0m[0m  not found: https://repo.typesafe.com/typesafe/ivy-releases/com.typesafe.sbt/sbt-osgi/scala_2.12/sbt_1.0/0.7.0/ivys/ivy.xml[0m
[0m[[0m[31merror[0m] [0m[0mError downloading com.github.mwz:sbt-dependency-updates;sbtVersion=1.0;scalaVersion=2.12:0.5.5[0m
[0m[[0m[31merror[0m] [0m[0m  Not found[0m
[0m[[0m[31merror[0m] [0m[0m  Not found[0m
[0m[[0m[31merror[0m] [0m[0m  not found: https://repo1.maven.org/maven2/com/github/mwz/sbt-dependency-updates_2.12_1.0/0.5.5/sbt-dependency-updates-0.5.5.pom[0m
[0m[[0m[31merror[0m] [0m[0m  not found: /Users/derrickburns/.ivy2/localcom.github.mwz/sbt-dependency-updates/scala_2.12/sbt_1.0/0.5.5/ivys/ivy.xml[0m
[0m[[0m[31merror[0m] [0m[0m  not found: https://dl.bintray.com/spark-packages/maven/com/github/mwz/sbt-dependency-updates_2.12_1.0/0.5.5/sbt-dependency-updates-0.5.5.pom[0m
[0m[[0m[31merror[0m] [0m[0m  not found: https://repo.scala-sbt.org/scalasbt/sbt-plugin-releases/com.github.mwz/sbt-dependency-updates/scala_2.12/sbt_1.0/0.5.5/ivys/ivy.xml[0m
[0m[[0m[31merror[0m] [0m[0m  not found: https://repo.typesafe.com/typesafe/ivy-releases/com.github.mwz/sbt-dependency-updates/scala_2.12/sbt_1.0/0.5.5/ivys/ivy.xml[0m
[0m[[0m[31merror[0m] [0m[0mError downloading org.brianmckenna:sbt-wartremover;sbtVersion=1.0;scalaVersion=2.12:0.11[0m
[0m[[0m[31merror[0m] [0m[0m  Not found[0m
[0m[[0m[31merror[0m] [0m[0m  Not found[0m
[0m[[0m[31merror[0m] [0m[0m  not found: https://repo1.maven.org/maven2/org/brianmckenna/sbt-wartremover_2.12_1.0/0.11/sbt-wartremover-0.11.pom[0m
[0m[[0m[31merror[0m] [0m[0m  not found: /Users/derrickburns/.ivy2/localorg.brianmckenna/sbt-wartremover/scala_2.12/sbt_1.0/0.11/ivys/ivy.xml[0m
[0m[[0m[31merror[0m] [0m[0m  not found: https://dl.bintray.com/spark-packages/maven/org/brianmckenna/sbt-wartremover_2.12_1.0/0.11/sbt-wartremover-0.11.pom[0m
[0m[[0m[31merror[0m] [0m[0m  not found: https://repo.scala-sbt.org/scalasbt/sbt-plugin-releases/org.brianmckenna/sbt-wartremover/scala_2.12/sbt_1.0/0.11/ivys/ivy.xml[0m
[0m[[0m[31merror[0m] [0m[0m  not found: https://repo.typesafe.com/typesafe/ivy-releases/org.brianmckenna/sbt-wartremover/scala_2.12/sbt_1.0/0.11/ivys/ivy.xml[0m
[0m[[0m[31merror[0m] [0m[0mError downloading com.github.gseitz:sbt-release;sbtVersion=1.0;scalaVersion=2.12:0.8.5[0m
[0m[[0m[31merror[0m] [0m[0m  Not found[0m
[0m[[0m[31merror[0m] [0m[0m  Not found[0m
[0m[[0m[31merror[0m] [0m[0m  not found: https://repo1.maven.org/maven2/com/github/gseitz/sbt-release_2.12_1.0/0.8.5/sbt-release-0.8.5.pom[0m
[0m[[0m[31merror[0m] [0m[0m  not found: /Users/derrickburns/.ivy2/localcom.github.gseitz/sbt-release/scala_2.12/sbt_1.0/0.8.5/ivys/ivy.xml[0m
[0m[[0m[31merror[0m] [0m[0m  not found: https://dl.bintray.com/spark-packages/maven/com/github/gseitz/sbt-release_2.12_1.0/0.8.5/sbt-release-0.8.5.pom[0m
[0m[[0m[31merror[0m] [0m[0m  not found: https://repo.scala-sbt.org/scalasbt/sbt-plugin-releases/com.github.gseitz/sbt-release/scala_2.12/sbt_1.0/0.8.5/ivys/ivy.xml[0m
[0m[[0m[31merror[0m] [0m[0m  not found: https://repo.typesafe.com/typesafe/ivy-releases/com.github.gseitz/sbt-release/scala_2.12/sbt_1.0/0.8.5/ivys/ivy.xml[0m
[0m[[0m[31merror[0m] [0m[0mError downloading org.scoverage:sbt-scoverage;sbtVersion=1.0;scalaVersion=2.12:1.0.4[0m
[0m[[0m[31merror[0m] [0m[0m  Not found[0m
[0m[[0m[31merror[0m] [0m[0m  Not found[0m
[0m[[0m[31merror[0m] [0m[0m  not found: https://repo1.maven.org/maven2/org/scoverage/sbt-scoverage_2.12_1.0/1.0.4/sbt-scoverage-1.0.4.pom[0m
[0m[[0m[31merror[0m] [0m[0m  not found: /Users/derrickburns/.ivy2/localorg.scoverage/sbt-scoverage/scala_2.12/sbt_1.0/1.0.4/ivys/ivy.xml[0m
[0m[[0m[31merror[0m] [0m[0m  not found: https://dl.bintray.com/spark-packages/maven/org/scoverage/sbt-scoverage_2.12_1.0/1.0.4/sbt-scoverage-1.0.4.pom[0m
[0m[[0m[31merror[0m] [0m[0m  not found: https://repo.scala-sbt.org/scalasbt/sbt-plugin-releases/org.scoverage/sbt-scoverage/scala_2.12/sbt_1.0/1.0.4/ivys/ivy.xml[0m
[0m[[0m[31merror[0m] [0m[0m  not found: https://repo.typesafe.com/typesafe/ivy-releases/org.scoverage/sbt-scoverage/scala_2.12/sbt_1.0/1.0.4/ivys/ivy.xml[0m
[0m[[0m[31merror[0m] [0m[0mError downloading org.scalastyle:scalastyle-sbt-plugin;sbtVersion=1.0;scalaVersion=2.12:0.6.0[0m
[0m[[0m[31merror[0m] [0m[0m  Not found[0m
[0m[[0m[31merror[0m] [0m[0m  Not found[0m
[0m[[0m[31merror[0m] [0m[0m  not found: https://repo1.maven.org/maven2/org/scalastyle/scalastyle-sbt-plugin_2.12_1.0/0.6.0/scalastyle-sbt-plugin-0.6.0.pom[0m
[0m[[0m[31merror[0m] [0m[0m  not found: /Users/derrickburns/.ivy2/localorg.scalastyle/scalastyle-sbt-plugin/scala_2.12/sbt_1.0/0.6.0/ivys/ivy.xml[0m
[0m[[0m[31merror[0m] [0m[0m  not found: https://dl.bintray.com/spark-packages/maven/org/scalastyle/scalastyle-sbt-plugin_2.12_1.0/0.6.0/scalastyle-sbt-plugin-0.6.0.pom[0m
[0m[[0m[31merror[0m] [0m[0m  not found: https://repo.scala-sbt.org/scalasbt/sbt-plugin-releases/org.scalastyle/scalastyle-sbt-plugin/scala_2.12/sbt_1.0/0.6.0/ivys/ivy.xml[0m
[0m[[0m[31merror[0m] [0m[0m  not found: https://repo.typesafe.com/typesafe/ivy-releases/org.scalastyle/scalastyle-sbt-plugin/scala_2.12/sbt_1.0/0.6.0/ivys/ivy.xml[0m
[0m[[0m[31merror[0m] [0m[0mError downloading me.lessis:bintray-sbt;sbtVersion=1.0;scalaVersion=2.12:0.2.0[0m
[0m[[0m[31merror[0m] [0m[0m  Not found[0m
[0m[[0m[31merror[0m] [0m[0m  Not found[0m
[0m[[0m[31merror[0m] [0m[0m  not found: https://repo1.maven.org/maven2/me/lessis/bintray-sbt_2.12_1.0/0.2.0/bintray-sbt-0.2.0.pom[0m
[0m[[0m[31merror[0m] [0m[0m  not found: /Users/derrickburns/.ivy2/localme.lessis/bintray-sbt/scala_2.12/sbt_1.0/0.2.0/ivys/ivy.xml[0m
[0m[[0m[31merror[0m] [0m[0m  not found: https://dl.bintray.com/spark-packages/maven/me/lessis/bintray-sbt_2.12_1.0/0.2.0/bintray-sbt-0.2.0.pom[0m
[0m[[0m[31merror[0m] [0m[0m  not found: https://repo.scala-sbt.org/scalasbt/sbt-plugin-releases/me.lessis/bintray-sbt/scala_2.12/sbt_1.0/0.2.0/ivys/ivy.xml[0m
[0m[[0m[31merror[0m] [0m[0m  not found: https://repo.typesafe.com/typesafe/ivy-releases/me.lessis/bintray-sbt/scala_2.12/sbt_1.0/0.2.0/ivys/ivy.xml[0m
[0m[[0m[31merror[0m] [0m[0mError downloading com.typesafe.sbt:sbt-site;sbtVersion=1.0;scalaVersion=2.12:0.8.1[0m
[0m[[0m[31merror[0m] [0m[0m  Not found[0m
[0m[[0m[31merror[0m] [0m[0m  Not found[0m
[0m[[0m[31merror[0m] [0m[0m  not found: https://repo1.maven.org/maven2/com/typesafe/sbt/sbt-site_2.12_1.0/0.8.1/sbt-site-0.8.1.pom[0m
[0m[[0m[31merror[0m] [0m[0m  not found: /Users/derrickburns/.ivy2/localcom.typesafe.sbt/sbt-site/scala_2.12/sbt_1.0/0.8.1/ivys/ivy.xml[0m
[0m[[0m[31merror[0m] [0m[0m  not found: https://dl.bintray.com/spark-packages/maven/com/typesafe/sbt/sbt-site_2.12_1.0/0.8.1/sbt-site-0.8.1.pom[0m
[0m[[0m[31merror[0m] [0m[0m  not found: https://repo.scala-sbt.org/scalasbt/sbt-plugin-releases/com.typesafe.sbt/sbt-site/scala_2.12/sbt_1.0/0.8.1/ivys/ivy.xml[0m
[0m[[0m[31merror[0m] [0m[0m  not found: https://repo.typesafe.com/typesafe/ivy-releases/com.typesafe.sbt/sbt-site/scala_2.12/sbt_1.0/0.8.1/ivys/ivy.xml[0m
[0m[[0m[31merror[0m] [0m[0mError downloading com.typesafe.sbt:sbt-ghpages;sbtVersion=1.0;scalaVersion=2.12:0.5.3[0m
[0m[[0m[31merror[0m] [0m[0m  Not found[0m
[0m[[0m[31merror[0m] [0m[0m  Not found[0m
[0m[[0m[31merror[0m] [0m[0m  not found: https://repo1.maven.org/maven2/com/typesafe/sbt/sbt-ghpages_2.12_1.0/0.5.3/sbt-ghpages-0.5.3.pom[0m
[0m[[0m[31merror[0m] [0m[0m  not found: /Users/derrickburns/.ivy2/localcom.typesafe.sbt/sbt-ghpages/scala_2.12/sbt_1.0/0.5.3/ivys/ivy.xml[0m
[0m[[0m[31merror[0m] [0m[0m  not found: https://dl.bintray.com/spark-packages/maven/com/typesafe/sbt/sbt-ghpages_2.12_1.0/0.5.3/sbt-ghpages-0.5.3.pom[0m
[0m[[0m[31merror[0m] [0m[0m  not found: https://repo.scala-sbt.org/scalasbt/sbt-plugin-releases/com.typesafe.sbt/sbt-ghpages/scala_2.12/sbt_1.0/0.5.3/ivys/ivy.xml[0m
[0m[[0m[31merror[0m] [0m[0m  not found: https://repo.typesafe.com/typesafe/ivy-releases/com.typesafe.sbt/sbt-ghpages/scala_2.12/sbt_1.0/0.5.3/ivys/ivy.xml[0m
[0m[[0m[31merror[0m] [0m[0mError downloading com.typesafe.sbt:sbt-pgp;sbtVersion=1.0;scalaVersion=2.12:0.8.3[0m
[0m[[0m[31merror[0m] [0m[0m  Not found[0m
[0m[[0m[31merror[0m] [0m[0m  Not found[0m
[0m[[0m[31merror[0m] [0m[0m  not found: https://repo1.maven.org/maven2/com/typesafe/sbt/sbt-pgp_2.12_1.0/0.8.3/sbt-pgp-0.8.3.pom[0m
[0m[[0m[31merror[0m] [0m[0m  not found: /Users/derrickburns/.ivy2/localcom.typesafe.sbt/sbt-pgp/scala_2.12/sbt_1.0/0.8.3/ivys/ivy.xml[0m
[0m[[0m[31merror[0m] [0m[0m  not found: https://dl.bintray.com/spark-packages/maven/com/typesafe/sbt/sbt-pgp_2.12_1.0/0.8.3/sbt-pgp-0.8.3.pom[0m
[0m[[0m[31merror[0m] [0m[0m  not found: https://repo.scala-sbt.org/scalasbt/sbt-plugin-releases/com.typesafe.sbt/sbt-pgp/scala_2.12/sbt_1.0/0.8.3/ivys/ivy.xml[0m
[0m[[0m[31merror[0m] [0m[0m  not found: https://repo.typesafe.com/typesafe/ivy-releases/com.typesafe.sbt/sbt-pgp/scala_2.12/sbt_1.0/0.8.3/ivys/ivy.xml[0m
[0m[[0m[31merror[0m] [0m[0m	at lmcoursier.CoursierDependencyResolution.unresolvedWarningOrThrow(CoursierDependencyResolution.scala:344)[0m
[0m[[0m[31merror[0m] [0m[0m	at lmcoursier.CoursierDependencyResolution.$anonfun$update$38(CoursierDependencyResolution.scala:313)[0m
[0m[[0m[31merror[0m] [0m[0m	at scala.util.Either$LeftProjection.map(Either.scala:573)[0m
[0m[[0m[31merror[0m] [0m[0m	at lmcoursier.CoursierDependencyResolution.update(CoursierDependencyResolution.scala:313)[0m
[0m[[0m[31merror[0m] [0m[0m	at sbt.librarymanagement.DependencyResolution.update(DependencyResolution.scala:60)[0m
[0m[[0m[31merror[0m] [0m[0m	at sbt.internal.LibraryManagement$.resolve$1(LibraryManagement.scala:60)[0m
[0m[[0m[31merror[0m] [0m[0m	at sbt.internal.LibraryManagement$.$anonfun$cachedUpdate$12(LibraryManagement.scala:134)[0m
[0m[[0m[31merror[0m] [0m[0m	at sbt.util.Tracked$.$anonfun$lastOutput$1(Tracked.scala:74)[0m
[0m[[0m[31merror[0m] [0m[0m	at sbt.internal.LibraryManagement$.$anonfun$cachedUpdate$20(LibraryManagement.scala:147)[0m
[0m[[0m[31merror[0m] [0m[0m	at scala.util.control.Exception$Catch.apply(Exception.scala:228)[0m
[0m[[0m[31merror[0m] [0m[0m	at sbt.internal.LibraryManagement$.$anonfun$cachedUpdate$11(LibraryManagement.scala:147)[0m
[0m[[0m[31merror[0m] [0m[0m	at sbt.internal.LibraryManagement$.$anonfun$cachedUpdate$11$adapted(LibraryManagement.scala:128)[0m
[0m[[0m[31merror[0m] [0m[0m	at sbt.util.Tracked$.$anonfun$inputChangedW$1(Tracked.scala:220)[0m
[0m[[0m[31merror[0m] [0m[0m	at sbt.internal.LibraryManagement$.cachedUpdate(LibraryManagement.scala:161)[0m
[0m[[0m[31merror[0m] [0m[0m	at sbt.Classpaths$.$anonfun$updateTask0$1(Defaults.scala:3801)[0m
[0m[[0m[31merror[0m] [0m[0m	at scala.Function1.$anonfun$compose$1(Function1.scala:49)[0m
[0m[[0m[31merror[0m] [0m[0m	at sbt.internal.util.$tilde$greater.$anonfun$$u2219$1(TypeFunctions.scala:63)[0m
[0m[[0m[31merror[0m] [0m[0m	at sbt.std.Transform$$anon$4.work(Transform.scala:69)[0m
[0m[[0m[31merror[0m] [0m[0m	at sbt.Execute.$anonfun$submit$2(Execute.scala:283)[0m
[0m[[0m[31merror[0m] [0m[0m	at sbt.internal.util.ErrorHandling$.wideConvert(ErrorHandling.scala:24)[0m
[0m[[0m[31merror[0m] [0m[0m	at sbt.Execute.work(Execute.scala:292)[0m
[0m[[0m[31merror[0m] [0m[0m	at sbt.Execute.$anonfun$submit$1(Execute.scala:283)[0m
[0m[[0m[31merror[0m] [0m[0m	at sbt.ConcurrentRestrictions$$anon$4.$anonfun$submitValid$1(ConcurrentRestrictions.scala:265)[0m
[0m[[0m[31merror[0m] [0m[0m	at sbt.CompletionService$$anon$2.call(CompletionService.scala:65)[0m
[0m[[0m[31merror[0m] [0m[0m	at java.base/java.util.concurrent.FutureTask.run(FutureTask.java:317)[0m
[0m[[0m[31merror[0m] [0m[0m	at java.base/java.util.concurrent.Executors$RunnableAdapter.call(Executors.java:572)[0m
[0m[[0m[31merror[0m] [0m[0m	at java.base/java.util.concurrent.FutureTask.run(FutureTask.java:317)[0m
[0m[[0m[31merror[0m] [0m[0m	at java.base/java.util.concurrent.ThreadPoolExecutor.runWorker(ThreadPoolExecutor.java:1144)[0m
[0m[[0m[31merror[0m] [0m[0m	at java.base/java.util.concurrent.ThreadPoolExecutor$Worker.run(ThreadPoolExecutor.java:642)[0m
[0m[[0m[31merror[0m] [0m[0m	at java.base/java.lang.Thread.run(Thread.java:1583)[0m
[0m[[0m[31merror[0m] [0m[0m([31mupdate[0m) sbt.librarymanagement.ResolveException: Error downloading org.scoverage:sbt-coveralls;sbtVersion=1.0;scalaVersion=2.12:1.0.0.BETA1[0m
[0m[[0m[31merror[0m] [0m[0m  Not found[0m
[0m[[0m[31merror[0m] [0m[0m  Not found[0m
[0m[[0m[31merror[0m] [0m[0m  not found: https://repo1.maven.org/maven2/org/scoverage/sbt-coveralls_2.12_1.0/1.0.0.BETA1/sbt-coveralls-1.0.0.BETA1.pom[0m
[0m[[0m[31merror[0m] [0m[0m  not found: /Users/derrickburns/.ivy2/localorg.scoverage/sbt-coveralls/scala_2.12/sbt_1.0/1.0.0.BETA1/ivys/ivy.xml[0m
[0m[[0m[31merror[0m] [0m[0m  not found: https://dl.bintray.com/spark-packages/maven/org/scoverage/sbt-coveralls_2.12_1.0/1.0.0.BETA1/sbt-coveralls-1.0.0.BETA1.pom[0m
[0m[[0m[31merror[0m] [0m[0m  not found: https://repo.scala-sbt.org/scalasbt/sbt-plugin-releases/org.scoverage/sbt-coveralls/scala_2.12/sbt_1.0/1.0.0.BETA1/ivys/ivy.xml[0m
[0m[[0m[31merror[0m] [0m[0m  not found: https://repo.typesafe.com/typesafe/ivy-releases/org.scoverage/sbt-coveralls/scala_2.12/sbt_1.0/1.0.0.BETA1/ivys/ivy.xml[0m
[0m[[0m[31merror[0m] [0m[0mError downloading com.typesafe.sbt:sbt-scalariform;sbtVersion=1.0;scalaVersion=2.12:1.2.0[0m
[0m[[0m[31merror[0m] [0m[0m  Not found[0m
[0m[[0m[31merror[0m] [0m[0m  Not found[0m
[0m[[0m[31merror[0m] [0m[0m  not found: https://repo1.maven.org/maven2/com/typesafe/sbt/sbt-scalariform_2.12_1.0/1.2.0/sbt-scalariform-1.2.0.pom[0m
[0m[[0m[31merror[0m] [0m[0m  not found: /Users/derrickburns/.ivy2/localcom.typesafe.sbt/sbt-scalariform/scala_2.12/sbt_1.0/1.2.0/ivys/ivy.xml[0m
[0m[[0m[31merror[0m] [0m[0m  not found: https://dl.bintray.com/spark-packages/maven/com/typesafe/sbt/sbt-scalariform_2.12_1.0/1.2.0/sbt-scalariform-1.2.0.pom[0m
[0m[[0m[31merror[0m] [0m[0m  not found: https://repo.scala-sbt.org/scalasbt/sbt-plugin-releases/com.typesafe.sbt/sbt-scalariform/scala_2.12/sbt_1.0/1.2.0/ivys/ivy.xml[0m
[0m[[0m[31merror[0m] [0m[0m  not found: https://repo.typesafe.com/typesafe/ivy-releases/com.typesafe.sbt/sbt-scalariform/scala_2.12/sbt_1.0/1.2.0/ivys/ivy.xml[0m
[0m[[0m[31merror[0m] [0m[0mError downloading org.spark-packages:sbt-spark-package;sbtVersion=1.0;scalaVersion=2.12:0.1[0m
[0m[[0m[31merror[0m] [0m[0m  Not found[0m
[0m[[0m[31merror[0m] [0m[0m  Not found[0m
[0m[[0m[31merror[0m] [0m[0m  not found: https://repo1.maven.org/maven2/org/spark-packages/sbt-spark-package_2.12_1.0/0.1/sbt-spark-package-0.1.pom[0m
[0m[[0m[31merror[0m] [0m[0m  not found: /Users/derrickburns/.ivy2/localorg.spark-packages/sbt-spark-package/scala_2.12/sbt_1.0/0.1/ivys/ivy.xml[0m
[0m[[0m[31merror[0m] [0m[0m  not found: https://dl.bintray.com/spark-packages/maven/org/spark-packages/sbt-spark-package_2.12_1.0/0.1/sbt-spark-package-0.1.pom[0m
[0m[[0m[31merror[0m] [0m[0m  not found: https://repo.scala-sbt.org/scalasbt/sbt-plugin-releases/org.spark-packages/sbt-spark-package/scala_2.12/sbt_1.0/0.1/ivys/ivy.xml[0m
[0m[[0m[31merror[0m] [0m[0m  not found: https://repo.typesafe.com/typesafe/ivy-releases/org.spark-packages/sbt-spark-package/scala_2.12/sbt_1.0/0.1/ivys/ivy.xml[0m
[0m[[0m[31merror[0m] [0m[0mError downloading com.typesafe.sbt:sbt-osgi;sbtVersion=1.0;scalaVersion=2.12:0.7.0[0m
[0m[[0m[31merror[0m] [0m[0m  Not found[0m
[0m[[0m[31merror[0m] [0m[0m  Not found[0m
[0m[[0m[31merror[0m] [0m[0m  not found: https://repo1.maven.org/maven2/com/typesafe/sbt/sbt-osgi_2.12_1.0/0.7.0/sbt-osgi-0.7.0.pom[0m
[0m[[0m[31merror[0m] [0m[0m  not found: /Users/derrickburns/.ivy2/localcom.typesafe.sbt/sbt-osgi/scala_2.12/sbt_1.0/0.7.0/ivys/ivy.xml[0m
[0m[[0m[31merror[0m] [0m[0m  not found: https://dl.bintray.com/spark-packages/maven/com/typesafe/sbt/sbt-osgi_2.12_1.0/0.7.0/sbt-osgi-0.7.0.pom[0m
[0m[[0m[31merror[0m] [0m[0m  not found: https://repo.scala-sbt.org/scalasbt/sbt-plugin-releases/com.typesafe.sbt/sbt-osgi/scala_2.12/sbt_1.0/0.7.0/ivys/ivy.xml[0m
[0m[[0m[31merror[0m] [0m[0m  not found: https://repo.typesafe.com/typesafe/ivy-releases/com.typesafe.sbt/sbt-osgi/scala_2.12/sbt_1.0/0.7.0/ivys/ivy.xml[0m
[0m[[0m[31merror[0m] [0m[0mError downloading com.github.mwz:sbt-dependency-updates;sbtVersion=1.0;scalaVersion=2.12:0.5.5[0m
[0m[[0m[31merror[0m] [0m[0m  Not found[0m
[0m[[0m[31merror[0m] [0m[0m  Not found[0m
[0m[[0m[31merror[0m] [0m[0m  not found: https://repo1.maven.org/maven2/com/github/mwz/sbt-dependency-updates_2.12_1.0/0.5.5/sbt-dependency-updates-0.5.5.pom[0m
[0m[[0m[31merror[0m] [0m[0m  not found: /Users/derrickburns/.ivy2/localcom.github.mwz/sbt-dependency-updates/scala_2.12/sbt_1.0/0.5.5/ivys/ivy.xml[0m
[0m[[0m[31merror[0m] [0m[0m  not found: https://dl.bintray.com/spark-packages/maven/com/github/mwz/sbt-dependency-updates_2.12_1.0/0.5.5/sbt-dependency-updates-0.5.5.pom[0m
[0m[[0m[31merror[0m] [0m[0m  not found: https://repo.scala-sbt.org/scalasbt/sbt-plugin-releases/com.github.mwz/sbt-dependency-updates/scala_2.12/sbt_1.0/0.5.5/ivys/ivy.xml[0m
[0m[[0m[31merror[0m] [0m[0m  not found: https://repo.typesafe.com/typesafe/ivy-releases/com.github.mwz/sbt-dependency-updates/scala_2.12/sbt_1.0/0.5.5/ivys/ivy.xml[0m
[0m[[0m[31merror[0m] [0m[0mError downloading org.brianmckenna:sbt-wartremover;sbtVersion=1.0;scalaVersion=2.12:0.11[0m
[0m[[0m[31merror[0m] [0m[0m  Not found[0m
[0m[[0m[31merror[0m] [0m[0m  Not found[0m
[0m[[0m[31merror[0m] [0m[0m  not found: https://repo1.maven.org/maven2/org/brianmckenna/sbt-wartremover_2.12_1.0/0.11/sbt-wartremover-0.11.pom[0m
[0m[[0m[31merror[0m] [0m[0m  not found: /Users/derrickburns/.ivy2/localorg.brianmckenna/sbt-wartremover/scala_2.12/sbt_1.0/0.11/ivys/ivy.xml[0m
[0m[[0m[31merror[0m] [0m[0m  not found: https://dl.bintray.com/spark-packages/maven/org/brianmckenna/sbt-wartremover_2.12_1.0/0.11/sbt-wartremover-0.11.pom[0m
[0m[[0m[31merror[0m] [0m[0m  not found: https://repo.scala-sbt.org/scalasbt/sbt-plugin-releases/org.brianmckenna/sbt-wartremover/scala_2.12/sbt_1.0/0.11/ivys/ivy.xml[0m
[0m[[0m[31merror[0m] [0m[0m  not found: https://repo.typesafe.com/typesafe/ivy-releases/org.brianmckenna/sbt-wartremover/scala_2.12/sbt_1.0/0.11/ivys/ivy.xml[0m
[0m[[0m[31merror[0m] [0m[0mError downloading com.github.gseitz:sbt-release;sbtVersion=1.0;scalaVersion=2.12:0.8.5[0m
[0m[[0m[31merror[0m] [0m[0m  Not found[0m
[0m[[0m[31merror[0m] [0m[0m  Not found[0m
[0m[[0m[31merror[0m] [0m[0m  not found: https://repo1.maven.org/maven2/com/github/gseitz/sbt-release_2.12_1.0/0.8.5/sbt-release-0.8.5.pom[0m
[0m[[0m[31merror[0m] [0m[0m  not found: /Users/derrickburns/.ivy2/localcom.github.gseitz/sbt-release/scala_2.12/sbt_1.0/0.8.5/ivys/ivy.xml[0m
[0m[[0m[31merror[0m] [0m[0m  not found: https://dl.bintray.com/spark-packages/maven/com/github/gseitz/sbt-release_2.12_1.0/0.8.5/sbt-release-0.8.5.pom[0m
[0m[[0m[31merror[0m] [0m[0m  not found: https://repo.scala-sbt.org/scalasbt/sbt-plugin-releases/com.github.gseitz/sbt-release/scala_2.12/sbt_1.0/0.8.5/ivys/ivy.xml[0m
[0m[[0m[31merror[0m] [0m[0m  not found: https://repo.typesafe.com/typesafe/ivy-releases/com.github.gseitz/sbt-release/scala_2.12/sbt_1.0/0.8.5/ivys/ivy.xml[0m
[0m[[0m[31merror[0m] [0m[0mError downloading org.scoverage:sbt-scoverage;sbtVersion=1.0;scalaVersion=2.12:1.0.4[0m
[0m[[0m[31merror[0m] [0m[0m  Not found[0m
[0m[[0m[31merror[0m] [0m[0m  Not found[0m
[0m[[0m[31merror[0m] [0m[0m  not found: https://repo1.maven.org/maven2/org/scoverage/sbt-scoverage_2.12_1.0/1.0.4/sbt-scoverage-1.0.4.pom[0m
[0m[[0m[31merror[0m] [0m[0m  not found: /Users/derrickburns/.ivy2/localorg.scoverage/sbt-scoverage/scala_2.12/sbt_1.0/1.0.4/ivys/ivy.xml[0m
[0m[[0m[31merror[0m] [0m[0m  not found: https://dl.bintray.com/spark-packages/maven/org/scoverage/sbt-scoverage_2.12_1.0/1.0.4/sbt-scoverage-1.0.4.pom[0m
[0m[[0m[31merror[0m] [0m[0m  not found: https://repo.scala-sbt.org/scalasbt/sbt-plugin-releases/org.scoverage/sbt-scoverage/scala_2.12/sbt_1.0/1.0.4/ivys/ivy.xml[0m
[0m[[0m[31merror[0m] [0m[0m  not found: https://repo.typesafe.com/typesafe/ivy-releases/org.scoverage/sbt-scoverage/scala_2.12/sbt_1.0/1.0.4/ivys/ivy.xml[0m
[0m[[0m[31merror[0m] [0m[0mError downloading org.scalastyle:scalastyle-sbt-plugin;sbtVersion=1.0;scalaVersion=2.12:0.6.0[0m
[0m[[0m[31merror[0m] [0m[0m  Not found[0m
[0m[[0m[31merror[0m] [0m[0m  Not found[0m
[0m[[0m[31merror[0m] [0m[0m  not found: https://repo1.maven.org/maven2/org/scalastyle/scalastyle-sbt-plugin_2.12_1.0/0.6.0/scalastyle-sbt-plugin-0.6.0.pom[0m
[0m[[0m[31merror[0m] [0m[0m  not found: /Users/derrickburns/.ivy2/localorg.scalastyle/scalastyle-sbt-plugin/scala_2.12/sbt_1.0/0.6.0/ivys/ivy.xml[0m
[0m[[0m[31merror[0m] [0m[0m  not found: https://dl.bintray.com/spark-packages/maven/org/scalastyle/scalastyle-sbt-plugin_2.12_1.0/0.6.0/scalastyle-sbt-plugin-0.6.0.pom[0m
[0m[[0m[31merror[0m] [0m[0m  not found: https://repo.scala-sbt.org/scalasbt/sbt-plugin-releases/org.scalastyle/scalastyle-sbt-plugin/scala_2.12/sbt_1.0/0.6.0/ivys/ivy.xml[0m
[0m[[0m[31merror[0m] [0m[0m  not found: https://repo.typesafe.com/typesafe/ivy-releases/org.scalastyle/scalastyle-sbt-plugin/scala_2.12/sbt_1.0/0.6.0/ivys/ivy.xml[0m
[0m[[0m[31merror[0m] [0m[0mError downloading me.lessis:bintray-sbt;sbtVersion=1.0;scalaVersion=2.12:0.2.0[0m
[0m[[0m[31merror[0m] [0m[0m  Not found[0m
[0m[[0m[31merror[0m] [0m[0m  Not found[0m
[0m[[0m[31merror[0m] [0m[0m  not found: https://repo1.maven.org/maven2/me/lessis/bintray-sbt_2.12_1.0/0.2.0/bintray-sbt-0.2.0.pom[0m
[0m[[0m[31merror[0m] [0m[0m  not found: /Users/derrickburns/.ivy2/localme.lessis/bintray-sbt/scala_2.12/sbt_1.0/0.2.0/ivys/ivy.xml[0m
[0m[[0m[31merror[0m] [0m[0m  not found: https://dl.bintray.com/spark-packages/maven/me/lessis/bintray-sbt_2.12_1.0/0.2.0/bintray-sbt-0.2.0.pom[0m
[0m[[0m[31merror[0m] [0m[0m  not found: https://repo.scala-sbt.org/scalasbt/sbt-plugin-releases/me.lessis/bintray-sbt/scala_2.12/sbt_1.0/0.2.0/ivys/ivy.xml[0m
[0m[[0m[31merror[0m] [0m[0m  not found: https://repo.typesafe.com/typesafe/ivy-releases/me.lessis/bintray-sbt/scala_2.12/sbt_1.0/0.2.0/ivys/ivy.xml[0m
[0m[[0m[31merror[0m] [0m[0mError downloading com.typesafe.sbt:sbt-site;sbtVersion=1.0;scalaVersion=2.12:0.8.1[0m
[0m[[0m[31merror[0m] [0m[0m  Not found[0m
[0m[[0m[31merror[0m] [0m[0m  Not found[0m
[0m[[0m[31merror[0m] [0m[0m  not found: https://repo1.maven.org/maven2/com/typesafe/sbt/sbt-site_2.12_1.0/0.8.1/sbt-site-0.8.1.pom[0m
[0m[[0m[31merror[0m] [0m[0m  not found: /Users/derrickburns/.ivy2/localcom.typesafe.sbt/sbt-site/scala_2.12/sbt_1.0/0.8.1/ivys/ivy.xml[0m
[0m[[0m[31merror[0m] [0m[0m  not found: https://dl.bintray.com/spark-packages/maven/com/typesafe/sbt/sbt-site_2.12_1.0/0.8.1/sbt-site-0.8.1.pom[0m
[0m[[0m[31merror[0m] [0m[0m  not found: https://repo.scala-sbt.org/scalasbt/sbt-plugin-releases/com.typesafe.sbt/sbt-site/scala_2.12/sbt_1.0/0.8.1/ivys/ivy.xml[0m
[0m[[0m[31merror[0m] [0m[0m  not found: https://repo.typesafe.com/typesafe/ivy-releases/com.typesafe.sbt/sbt-site/scala_2.12/sbt_1.0/0.8.1/ivys/ivy.xml[0m
[0m[[0m[31merror[0m] [0m[0mError downloading com.typesafe.sbt:sbt-ghpages;sbtVersion=1.0;scalaVersion=2.12:0.5.3[0m
[0m[[0m[31merror[0m] [0m[0m  Not found[0m
[0m[[0m[31merror[0m] [0m[0m  Not found[0m
[0m[[0m[31merror[0m] [0m[0m  not found: https://repo1.maven.org/maven2/com/typesafe/sbt/sbt-ghpages_2.12_1.0/0.5.3/sbt-ghpages-0.5.3.pom[0m
[0m[[0m[31merror[0m] [0m[0m  not found: /Users/derrickburns/.ivy2/localcom.typesafe.sbt/sbt-ghpages/scala_2.12/sbt_1.0/0.5.3/ivys/ivy.xml[0m
[0m[[0m[31merror[0m] [0m[0m  not found: https://dl.bintray.com/spark-packages/maven/com/typesafe/sbt/sbt-ghpages_2.12_1.0/0.5.3/sbt-ghpages-0.5.3.pom[0m
[0m[[0m[31merror[0m] [0m[0m  not found: https://repo.scala-sbt.org/scalasbt/sbt-plugin-releases/com.typesafe.sbt/sbt-ghpages/scala_2.12/sbt_1.0/0.5.3/ivys/ivy.xml[0m
[0m[[0m[31merror[0m] [0m[0m  not found: https://repo.typesafe.com/typesafe/ivy-releases/com.typesafe.sbt/sbt-ghpages/scala_2.12/sbt_1.0/0.5.3/ivys/ivy.xml[0m
[0m[[0m[31merror[0m] [0m[0mError downloading com.typesafe.sbt:sbt-pgp;sbtVersion=1.0;scalaVersion=2.12:0.8.3[0m
[0m[[0m[31merror[0m] [0m[0m  Not found[0m
[0m[[0m[31merror[0m] [0m[0m  Not found[0m
[0m[[0m[31merror[0m] [0m[0m  not found: https://repo1.maven.org/maven2/com/typesafe/sbt/sbt-pgp_2.12_1.0/0.8.3/sbt-pgp-0.8.3.pom[0m
[0m[[0m[31merror[0m] [0m[0m  not found: /Users/derrickburns/.ivy2/localcom.typesafe.sbt/sbt-pgp/scala_2.12/sbt_1.0/0.8.3/ivys/ivy.xml[0m
[0m[[0m[31merror[0m] [0m[0m  not found: https://dl.bintray.com/spark-packages/maven/com/typesafe/sbt/sbt-pgp_2.12_1.0/0.8.3/sbt-pgp-0.8.3.pom[0m
[0m[[0m[31merror[0m] [0m[0m  not found: https://repo.scala-sbt.org/scalasbt/sbt-plugin-releases/com.typesafe.sbt/sbt-pgp/scala_2.12/sbt_1.0/0.8.3/ivys/ivy.xml[0m
[0m[[0m[31merror[0m] [0m[0m  not found: https://repo.typesafe.com/typesafe/ivy-releases/com.typesafe.sbt/sbt-pgp/scala_2.12/sbt_1.0/0.8.3/ivys/ivy.xml[0m
[0m[[0m[0mdebug[0m] [0m[0m> Exec(loadFailed, None, None)[0m
[0m[[0m[33mwarn[0m] [0m[0mProject loading failed: (r)etry, (q)uit, (l)ast, or (i)gnore? (default: r)[0m
